
Circuit 1 cell sky130_fd_pr__nfet_01v8 and Circuit 2 cell sky130_fd_pr__nfet_01v8 are black boxes.
Equate elements:  no current cell.
Device classes sky130_fd_pr__nfet_01v8 and sky130_fd_pr__nfet_01v8 are equivalent.

Circuit 1 cell sky130_fd_pr__pfet_01v8 and Circuit 2 cell sky130_fd_pr__pfet_01v8 are black boxes.
Equate elements:  no current cell.
Device classes sky130_fd_pr__pfet_01v8 and sky130_fd_pr__pfet_01v8 are equivalent.

Class dac.spice (0):  Merged 8 parallel devices.
Class lvs_Dac.spice (1):  Merged 8 parallel devices.
Subcircuit summary:
Circuit 1: dac.spice                       |Circuit 2: lvs_Dac.spice                   
-------------------------------------------|-------------------------------------------
sky130_fd_pr__nfet_01v8 (32->24)           |sky130_fd_pr__nfet_01v8 (32->24)           
sky130_fd_pr__pfet_01v8 (1)                |sky130_fd_pr__pfet_01v8 (1)                
Number of devices: 25                      |Number of devices: 25                      
Number of nets: 19                         |Number of nets: 19                         
---------------------------------------------------------------------------------------
Netlists match uniquely with property errors.
sky130_fd_pr__pfet_01v8:21 vs. sky130_fd_pr__pfet_01v8:M115:
 l circuit1: "1"   (unresolved expression)  (property type mismatch)
 w circuit1: "24"   (unresolved expression)  (property type mismatch)
sky130_fd_pr__nfet_01v8:3 vs. sky130_fd_pr__nfet_01v8:M108:
 l circuit1: "1"   (unresolved expression)  (property type mismatch)
 w circuit1: "24"   (unresolved expression)  (property type mismatch)
Circuit 1 parallel/series network does not match Circuit 2
Circuit 1 instance sky130_fd_pr__nfet_01v8:3 network:
  l = 1
  w = 24
  ps = 24.5
  as = 6
  pd = 24.5
  ad = 6
  M = 1
Circuit 2 instance sky130_fd_pr__nfet_01v8:M108 network:
  m = 1
  mult = 1
  sd = 0
  sb = 0
  sa = 0
  nrs = (expression)
  nrd = (expression)
  ps = (expression)
  pd = (expression)
  as = (expression)
  ad = (expression)
  nf = 1
  W = (expression)
  L = (expression)
  m = 1
  mult = 1
  sd = 0
  sb = 0
  sa = 0
  nrs = (expression)
  nrd = (expression)
  ps = (expression)
  pd = (expression)
  as = (expression)
  ad = (expression)
  nf = 1
  W = (expression)
  L = (expression)
sky130_fd_pr__nfet_01v8:25 vs. sky130_fd_pr__nfet_01v8:M38:
 l circuit1: "1"   (unresolved expression)  (property type mismatch)
 w circuit1: "24"   (unresolved expression)  (property type mismatch)
Circuit 1 parallel/series network does not match Circuit 2
Circuit 1 instance sky130_fd_pr__nfet_01v8:25 network:
  l = 1
  w = 24
  ps = 24.5
  as = 6
  pd = 24.5
  ad = 6
  M = 1
Circuit 2 instance sky130_fd_pr__nfet_01v8:M38 network:
  m = 1
  mult = 1
  sd = 0
  sb = 0
  sa = 0
  nrs = (expression)
  nrd = (expression)
  ps = (expression)
  pd = (expression)
  as = (expression)
  ad = (expression)
  nf = 1
  W = (expression)
  L = (expression)
  m = 1
  mult = 1
  sd = 0
  sb = 0
  sa = 0
  nrs = (expression)
  nrd = (expression)
  ps = (expression)
  pd = (expression)
  as = (expression)
  ad = (expression)
  nf = 1
  W = (expression)
  L = (expression)
sky130_fd_pr__nfet_01v8:4 vs. sky130_fd_pr__nfet_01v8:M110:
 l circuit1: "1"   (unresolved expression)  (property type mismatch)
 w circuit1: "24"   (unresolved expression)  (property type mismatch)
Circuit 1 parallel/series network does not match Circuit 2
Circuit 1 instance sky130_fd_pr__nfet_01v8:4 network:
  l = 1
  w = 24
  ps = 24.5
  as = 6
  pd = 24.5
  ad = 6
  M = 1
Circuit 2 instance sky130_fd_pr__nfet_01v8:M110 network:
  m = 1
  mult = 1
  sd = 0
  sb = 0
  sa = 0
  nrs = (expression)
  nrd = (expression)
  ps = (expression)
  pd = (expression)
  as = (expression)
  ad = (expression)
  nf = 1
  W = (expression)
  L = (expression)
  m = 1
  mult = 1
  sd = 0
  sb = 0
  sa = 0
  nrs = (expression)
  nrd = (expression)
  ps = (expression)
  pd = (expression)
  as = (expression)
  ad = (expression)
  nf = 1
  W = (expression)
  L = (expression)
sky130_fd_pr__nfet_01v8:5 vs. sky130_fd_pr__nfet_01v8:M45:
 l circuit1: "1"   (unresolved expression)  (property type mismatch)
 w circuit1: "24"   (unresolved expression)  (property type mismatch)
Circuit 1 parallel/series network does not match Circuit 2
Circuit 1 instance sky130_fd_pr__nfet_01v8:5 network:
  l = 1
  w = 24
  ps = 24.5
  as = 6
  pd = 24.5
  ad = 6
  M = 1
Circuit 2 instance sky130_fd_pr__nfet_01v8:M45 network:
  m = 1
  mult = 1
  sd = 0
  sb = 0
  sa = 0
  nrs = (expression)
  nrd = (expression)
  ps = (expression)
  pd = (expression)
  as = (expression)
  ad = (expression)
  nf = 1
  W = (expression)
  L = (expression)
  m = 1
  mult = 1
  sd = 0
  sb = 0
  sa = 0
  nrs = (expression)
  nrd = (expression)
  ps = (expression)
  pd = (expression)
  as = (expression)
  ad = (expression)
  nf = 1
  W = (expression)
  L = (expression)
sky130_fd_pr__nfet_01v8:8 vs. sky130_fd_pr__nfet_01v8:M101:
 l circuit1: "1"   (unresolved expression)  (property type mismatch)
 w circuit1: "24"   (unresolved expression)  (property type mismatch)
Circuit 1 parallel/series network does not match Circuit 2
Circuit 1 instance sky130_fd_pr__nfet_01v8:8 network:
  l = 1
  w = 24
  ps = 24.5
  as = 6
  pd = 24.5
  ad = 6
  M = 1
Circuit 2 instance sky130_fd_pr__nfet_01v8:M101 network:
  m = 1
  mult = 1
  sd = 0
  sb = 0
  sa = 0
  nrs = (expression)
  nrd = (expression)
  ps = (expression)
  pd = (expression)
  as = (expression)
  ad = (expression)
  nf = 1
  W = (expression)
  L = (expression)
  m = 1
  mult = 1
  sd = 0
  sb = 0
  sa = 0
  nrs = (expression)
  nrd = (expression)
  ps = (expression)
  pd = (expression)
  as = (expression)
  ad = (expression)
  nf = 1
  W = (expression)
  L = (expression)
sky130_fd_pr__nfet_01v8:13 vs. sky130_fd_pr__nfet_01v8:M98:
 l circuit1: "1"   (unresolved expression)  (property type mismatch)
 w circuit1: "24"   (unresolved expression)  (property type mismatch)
Circuit 1 parallel/series network does not match Circuit 2
Circuit 1 instance sky130_fd_pr__nfet_01v8:13 network:
  l = 1
  w = 24
  ps = 24.5
  as = 6
  pd = 24.5
  ad = 6
  M = 1
Circuit 2 instance sky130_fd_pr__nfet_01v8:M98 network:
  m = 1
  mult = 1
  sd = 0
  sb = 0
  sa = 0
  nrs = (expression)
  nrd = (expression)
  ps = (expression)
  pd = (expression)
  as = (expression)
  ad = (expression)
  nf = 1
  W = (expression)
  L = (expression)
  m = 1
  mult = 1
  sd = 0
  sb = 0
  sa = 0
  nrs = (expression)
  nrd = (expression)
  ps = (expression)
  pd = (expression)
  as = (expression)
  ad = (expression)
  nf = 1
  W = (expression)
  L = (expression)
sky130_fd_pr__nfet_01v8:0 vs. sky130_fd_pr__nfet_01v8:M105:
 l circuit1: "1"   (unresolved expression)  (property type mismatch)
 w circuit1: "24"   (unresolved expression)  (property type mismatch)
Circuit 1 parallel/series network does not match Circuit 2
Circuit 1 instance sky130_fd_pr__nfet_01v8:0 network:
  l = 1
  w = 24
  ps = 24.5
  as = 6
  pd = 24.5
  ad = 6
  M = 1
Circuit 2 instance sky130_fd_pr__nfet_01v8:M105 network:
  m = 1
  mult = 1
  sd = 0
  sb = 0
  sa = 0
  nrs = (expression)
  nrd = (expression)
  ps = (expression)
  pd = (expression)
  as = (expression)
  ad = (expression)
  nf = 1
  W = (expression)
  L = (expression)
  m = 1
  mult = 1
  sd = 0
  sb = 0
  sa = 0
  nrs = (expression)
  nrd = (expression)
  ps = (expression)
  pd = (expression)
  as = (expression)
  ad = (expression)
  nf = 1
  W = (expression)
  L = (expression)
sky130_fd_pr__nfet_01v8:30 vs. sky130_fd_pr__nfet_01v8:M112:
 l circuit1: "1"   (unresolved expression)  (property type mismatch)
 w circuit1: "24"   (unresolved expression)  (property type mismatch)
sky130_fd_pr__nfet_01v8:6 vs. sky130_fd_pr__nfet_01v8:M42:
 l circuit1: "1"   (unresolved expression)  (property type mismatch)
 w circuit1: "24"   (unresolved expression)  (property type mismatch)
sky130_fd_pr__nfet_01v8:12 vs. sky130_fd_pr__nfet_01v8:M43:
 l circuit1: "1"   (unresolved expression)  (property type mismatch)
 w circuit1: "24"   (unresolved expression)  (property type mismatch)
sky130_fd_pr__nfet_01v8:22 vs. sky130_fd_pr__nfet_01v8:M44:
 l circuit1: "1"   (unresolved expression)  (property type mismatch)
 w circuit1: "24"   (unresolved expression)  (property type mismatch)
sky130_fd_pr__nfet_01v8:19 vs. sky130_fd_pr__nfet_01v8:M100:
 l circuit1: "1"   (unresolved expression)  (property type mismatch)
 w circuit1: "24"   (unresolved expression)  (property type mismatch)
sky130_fd_pr__nfet_01v8:18 vs. sky130_fd_pr__nfet_01v8:M107:
 l circuit1: "1"   (unresolved expression)  (property type mismatch)
 w circuit1: "24"   (unresolved expression)  (property type mismatch)
sky130_fd_pr__nfet_01v8:1 vs. sky130_fd_pr__nfet_01v8:M113:
 l circuit1: "1"   (unresolved expression)  (property type mismatch)
 w circuit1: "24"   (unresolved expression)  (property type mismatch)
sky130_fd_pr__nfet_01v8:14 vs. sky130_fd_pr__nfet_01v8:M96:
 l circuit1: "1"   (unresolved expression)  (property type mismatch)
 w circuit1: "24"   (unresolved expression)  (property type mismatch)
sky130_fd_pr__nfet_01v8:24 vs. sky130_fd_pr__nfet_01v8:M103:
 l circuit1: "1"   (unresolved expression)  (property type mismatch)
 w circuit1: "24"   (unresolved expression)  (property type mismatch)
sky130_fd_pr__nfet_01v8:27 vs. sky130_fd_pr__nfet_01v8:M114:
 l circuit1: "1"   (unresolved expression)  (property type mismatch)
 w circuit1: "24"   (unresolved expression)  (property type mismatch)
sky130_fd_pr__nfet_01v8:11 vs. sky130_fd_pr__nfet_01v8:M104:
 l circuit1: "1"   (unresolved expression)  (property type mismatch)
 w circuit1: "24"   (unresolved expression)  (property type mismatch)
sky130_fd_pr__nfet_01v8:7 vs. sky130_fd_pr__nfet_01v8:M97:
 l circuit1: "1"   (unresolved expression)  (property type mismatch)
 w circuit1: "24"   (unresolved expression)  (property type mismatch)
sky130_fd_pr__nfet_01v8:2 vs. sky130_fd_pr__nfet_01v8:M40:
 l circuit1: "1"   (unresolved expression)  (property type mismatch)
 w circuit1: "24"   (unresolved expression)  (property type mismatch)
Circuit 1 parallel/series network does not match Circuit 2
Circuit 1 instance sky130_fd_pr__nfet_01v8:2 network:
  l = 1
  w = 24
  ps = 24.5
  as = 6
  pd = 24.5
  ad = 6
  M = 1
Circuit 2 instance sky130_fd_pr__nfet_01v8:M40 network:
  m = 1
  mult = 1
  sd = 0
  sb = 0
  sa = 0
  nrs = (expression)
  nrd = (expression)
  ps = (expression)
  pd = (expression)
  as = (expression)
  ad = (expression)
  nf = 1
  W = (expression)
  L = (expression)
  m = 1
  mult = 1
  sd = 0
  sb = 0
  sa = 0
  nrs = (expression)
  nrd = (expression)
  ps = (expression)
  pd = (expression)
  as = (expression)
  ad = (expression)
  nf = 1
  W = (expression)
  L = (expression)
sky130_fd_pr__nfet_01v8:17 vs. sky130_fd_pr__nfet_01v8:M21:
 l circuit1: "1"   (unresolved expression)  (property type mismatch)
 w circuit1: "24"   (unresolved expression)  (property type mismatch)
sky130_fd_pr__nfet_01v8:9 vs. sky130_fd_pr__nfet_01v8:M22:
 l circuit1: "1"   (unresolved expression)  (property type mismatch)
 w circuit1: "24"   (unresolved expression)  (property type mismatch)
sky130_fd_pr__nfet_01v8:20 vs. sky130_fd_pr__nfet_01v8:M23:
 l circuit1: "1"   (unresolved expression)  (property type mismatch)
 w circuit1: "24"   (unresolved expression)  (property type mismatch)
sky130_fd_pr__nfet_01v8:15 vs. sky130_fd_pr__nfet_01v8:M24:
 l circuit1: "1"   (unresolved expression)  (property type mismatch)
 w circuit1: "24"   (unresolved expression)  (property type mismatch)
Cells have no pins;  pin matching not needed.
Device classes dac.spice and lvs_Dac.spice are equivalent.

Final result: Circuits match uniquely.
Property errors were found.

The following cells had property errors:
 dac.spice
